[2020-05-14 17:51:04] console.ERROR: Error thrown while running command "'cahe:clear'". Message: "An exception occurred in driver: SQLSTATE[HY000] [1045] Access denied for user 'db_user'@'localhost' (using password: YES)" {"exception":"[object] (Doctrine\\DBAL\\Exception\\ConnectionException(code: 0): An exception occurred in driver: SQLSTATE[HY000] [1045] Access denied for user 'db_user'@'localhost' (using password: YES) at /var/www/html/Zartisan_prod/zartisanV2/Symfo/zartisan/vendor/doctrine/dbal/lib/Doctrine/DBAL/Driver/AbstractMySQLDriver.php:93, Doctrine\\DBAL\\Driver\\PDOException(code: 1045): SQLSTATE[HY000] [1045] Access denied for user 'db_user'@'localhost' (using password: YES) at /var/www/html/Zartisan_prod/zartisanV2/Symfo/zartisan/vendor/doctrine/dbal/lib/Doctrine/DBAL/Driver/PDOConnection.php:31, PDOException(code: 1045): SQLSTATE[HY000] [1045] Access denied for user 'db_user'@'localhost' (using password: YES) at /var/www/html/Zartisan_prod/zartisanV2/Symfo/zartisan/vendor/doctrine/dbal/lib/Doctrine/DBAL/Driver/PDOConnection.php:27)","command":"'cahe:clear'","message":"An exception occurred in driver: SQLSTATE[HY000] [1045] Access denied for user 'db_user'@'localhost' (using password: YES)"} []
[2020-05-15 16:25:55] request.INFO: Matched route "app_register_user". {"route":"app_register_user","route_parameters":{"_route":"app_register_user","_controller":"App\\Controller\\SecurityController::registerUser"},"request_uri":"https://back.zartisan.yj.fr/register/user","method":"POST"} []
[2020-05-15 16:25:55] security.DEBUG: Checking for guard authentication credentials. {"firewall_key":"main","authenticators":1} []
[2020-05-15 16:25:55] security.DEBUG: Checking support on guard authenticator. {"firewall_key":"main","authenticator":"App\\Security\\LoginFormAuthenticator"} []
[2020-05-15 16:25:55] security.DEBUG: Guard authenticator does not support the request. {"firewall_key":"main","authenticator":"App\\Security\\LoginFormAuthenticator"} []
[2020-05-15 16:25:55] security.INFO: Populated the TokenStorage with an anonymous Token. [] []
[2020-05-15 16:25:57] php.WARNING: Warning: mkdir(): No such file or directory {"exception":"[object] (ErrorException(code: 0): Warning: mkdir(): No such file or directory at /home/zartayby/back.zartisan.yj.fr/src/Services/FoldersUser.php:22)"} []
[2020-05-15 16:25:57] php.WARNING: Warning: mkdir(): No such file or directory {"exception":"[object] (ErrorException(code: 0): Warning: mkdir(): No such file or directory at /home/zartayby/back.zartisan.yj.fr/src/Services/FoldersUser.php:23)"} []
[2020-05-15 16:25:58] app.ERROR: Exception occurred while flushing email queue: Failed to authenticate on SMTP server with username "username" using 1 possible authenticators. Authenticator LOGIN returned Expected response code 250 but got an empty response. [] []
[2020-05-15 16:37:25] request.INFO: Matched route "app_register_user". {"route":"app_register_user","route_parameters":{"_route":"app_register_user","_controller":"App\\Controller\\SecurityController::registerUser"},"request_uri":"https://back.zartisan.yj.fr/register/user","method":"POST"} []
[2020-05-15 16:37:25] security.DEBUG: Checking for guard authentication credentials. {"firewall_key":"main","authenticators":1} []
[2020-05-15 16:37:25] security.DEBUG: Checking support on guard authenticator. {"firewall_key":"main","authenticator":"App\\Security\\LoginFormAuthenticator"} []
[2020-05-15 16:37:25] security.DEBUG: Guard authenticator does not support the request. {"firewall_key":"main","authenticator":"App\\Security\\LoginFormAuthenticator"} []
[2020-05-15 16:37:25] security.INFO: Populated the TokenStorage with an anonymous Token. [] []
[2020-05-15 16:37:28] app.ERROR: Exception occurred while flushing email queue: Failed to authenticate on SMTP server with username "username" using 1 possible authenticators. Authenticator LOGIN returned Expected response code 250 but got an empty response. [] []
[2020-05-15 16:46:03] request.INFO: Matched route "app_register_user". {"route":"app_register_user","route_parameters":{"_route":"app_register_user","_controller":"App\\Controller\\SecurityController::registerUser"},"request_uri":"https://back.zartisan.yj.fr/register/user","method":"POST"} []
[2020-05-15 16:46:03] security.DEBUG: Checking for guard authentication credentials. {"firewall_key":"main","authenticators":1} []
[2020-05-15 16:46:03] security.DEBUG: Checking support on guard authenticator. {"firewall_key":"main","authenticator":"App\\Security\\LoginFormAuthenticator"} []
[2020-05-15 16:46:03] security.DEBUG: Guard authenticator does not support the request. {"firewall_key":"main","authenticator":"App\\Security\\LoginFormAuthenticator"} []
[2020-05-15 16:46:03] security.INFO: Populated the TokenStorage with an anonymous Token. [] []
[2020-05-15 16:46:05] app.ERROR: Exception occurred while flushing email queue: Failed to authenticate on SMTP server with username "username" using 1 possible authenticators. Authenticator LOGIN returned Expected response code 250 but got an empty response. [] []
[2020-05-15 17:10:24] request.INFO: Matched route "app_register_user". {"route":"app_register_user","route_parameters":{"_route":"app_register_user","_controller":"App\\Controller\\SecurityController::registerUser"},"request_uri":"https://back.zartisan.yj.fr/register/user","method":"POST"} []
[2020-05-15 17:10:25] security.DEBUG: Checking for guard authentication credentials. {"firewall_key":"main","authenticators":1} []
[2020-05-15 17:10:25] security.DEBUG: Checking support on guard authenticator. {"firewall_key":"main","authenticator":"App\\Security\\LoginFormAuthenticator"} []
[2020-05-15 17:10:25] security.DEBUG: Guard authenticator does not support the request. {"firewall_key":"main","authenticator":"App\\Security\\LoginFormAuthenticator"} []
[2020-05-15 17:10:25] security.INFO: Populated the TokenStorage with an anonymous Token. [] []
[2020-05-15 17:10:29] app.ERROR: Exception occurred while flushing email queue: Failed to authenticate on SMTP server with username "username" using 1 possible authenticators. Authenticator LOGIN returned Expected response code 250 but got an empty response. [] []
[2020-05-15 17:19:38] request.INFO: Matched route "app_register_artisan". {"route":"app_register_artisan","route_parameters":{"_route":"app_register_artisan","_controller":"App\\Controller\\SecurityController::registerArtisan"},"request_uri":"https://back.zartisan.yj.fr/register/artisan","method":"POST"} []
[2020-05-15 17:19:38] security.DEBUG: Checking for guard authentication credentials. {"firewall_key":"main","authenticators":1} []
[2020-05-15 17:19:38] security.DEBUG: Checking support on guard authenticator. {"firewall_key":"main","authenticator":"App\\Security\\LoginFormAuthenticator"} []
[2020-05-15 17:19:38] security.DEBUG: Guard authenticator does not support the request. {"firewall_key":"main","authenticator":"App\\Security\\LoginFormAuthenticator"} []
[2020-05-15 17:19:38] security.INFO: Populated the TokenStorage with an anonymous Token. [] []
[2020-05-15 17:19:41] app.ERROR: Exception occurred while flushing email queue: Failed to authenticate on SMTP server with username "username" using 1 possible authenticators. Authenticator LOGIN returned Expected response code 250 but got an empty response. [] []
[2020-05-15 17:29:50] request.INFO: Matched route "app_register_artisan". {"route":"app_register_artisan","route_parameters":{"_route":"app_register_artisan","_controller":"App\\Controller\\SecurityController::registerArtisan"},"request_uri":"https://back.zartisan.yj.fr/register/artisan","method":"POST"} []
[2020-05-15 17:29:50] security.DEBUG: Checking for guard authentication credentials. {"firewall_key":"main","authenticators":1} []
[2020-05-15 17:29:50] security.DEBUG: Checking support on guard authenticator. {"firewall_key":"main","authenticator":"App\\Security\\LoginFormAuthenticator"} []
[2020-05-15 17:29:50] security.DEBUG: Guard authenticator does not support the request. {"firewall_key":"main","authenticator":"App\\Security\\LoginFormAuthenticator"} []
[2020-05-15 17:29:50] security.INFO: Populated the TokenStorage with an anonymous Token. [] []
[2020-05-15 17:29:53] app.ERROR: Exception occurred while flushing email queue: Failed to authenticate on SMTP server with username "username" using 1 possible authenticators. Authenticator LOGIN returned Expected response code 250 but got an empty response. [] []
[2020-05-20 16:48:03] request.INFO: Matched route "app_register_user". {"route":"app_register_user","route_parameters":{"_route":"app_register_user","_controller":"App\\Controller\\SecurityController::registerUser"},"request_uri":"https://back.zartisan.yj.fr/register/user","method":"POST"} []
[2020-05-20 16:48:03] security.DEBUG: Checking for guard authentication credentials. {"firewall_key":"main","authenticators":1} []
[2020-05-20 16:48:03] security.DEBUG: Checking support on guard authenticator. {"firewall_key":"main","authenticator":"App\\Security\\LoginFormAuthenticator"} []
[2020-05-20 16:48:03] security.DEBUG: Guard authenticator does not support the request. {"firewall_key":"main","authenticator":"App\\Security\\LoginFormAuthenticator"} []
[2020-05-20 16:48:03] security.INFO: Populated the TokenStorage with an anonymous Token. [] []
[2020-05-20 16:48:06] app.ERROR: Exception occurred while flushing email queue: Failed to authenticate on SMTP server with username "username" using 1 possible authenticators. Authenticator LOGIN returned Expected response code 250 but got an empty response. [] []
[2020-05-20 18:28:00] request.INFO: Matched route "app_register_artisan". {"route":"app_register_artisan","route_parameters":{"_route":"app_register_artisan","_controller":"App\\Controller\\SecurityController::registerArtisan"},"request_uri":"https://back.zartisan.yj.fr/register/artisan","method":"POST"} []
[2020-05-20 18:28:00] security.DEBUG: Checking for guard authentication credentials. {"firewall_key":"main","authenticators":1} []
[2020-05-20 18:28:00] security.DEBUG: Checking support on guard authenticator. {"firewall_key":"main","authenticator":"App\\Security\\LoginFormAuthenticator"} []
[2020-05-20 18:28:00] security.DEBUG: Guard authenticator does not support the request. {"firewall_key":"main","authenticator":"App\\Security\\LoginFormAuthenticator"} []
[2020-05-20 18:28:00] security.INFO: Populated the TokenStorage with an anonymous Token. [] []
[2020-05-20 18:28:02] app.ERROR: Exception occurred while flushing email queue: Failed to authenticate on SMTP server with username "username" using 1 possible authenticators. Authenticator LOGIN returned Expected response code 250 but got an empty response. [] []
[2020-05-27 14:49:09] request.INFO: Matched route "app_register_user". {"route":"app_register_user","route_parameters":{"_route":"app_register_user","_controller":"App\\Controller\\SecurityController::registerUser"},"request_uri":"https://back.zartisan.yj.fr/register/user","method":"POST"} []
[2020-05-27 14:49:10] security.DEBUG: Checking for guard authentication credentials. {"firewall_key":"main","authenticators":1} []
[2020-05-27 14:49:10] security.DEBUG: Checking support on guard authenticator. {"firewall_key":"main","authenticator":"App\\Security\\LoginFormAuthenticator"} []
[2020-05-27 14:49:10] security.DEBUG: Guard authenticator does not support the request. {"firewall_key":"main","authenticator":"App\\Security\\LoginFormAuthenticator"} []
[2020-05-27 14:49:10] security.INFO: Populated the TokenStorage with an anonymous Token. [] []
[2020-05-27 14:49:13] app.ERROR: Exception occurred while flushing email queue: Failed to authenticate on SMTP server with username "username" using 1 possible authenticators. Authenticator LOGIN returned Expected response code 250 but got an empty response. [] []
[2020-05-27 16:10:49] request.INFO: Matched route "api_artisan_edit". {"route":"api_artisan_edit","route_parameters":{"_route":"api_artisan_edit","_controller":"App\\Controller\\ApiArtisanController::edit"},"request_uri":"https://back.zartisan.yj.fr/api/v1/artisan/edit","method":"POST"} []
[2020-05-27 16:10:49] security.DEBUG: Checking for guard authentication credentials. {"firewall_key":"api","authenticators":1} []
[2020-05-27 16:10:49] security.DEBUG: Checking support on guard authenticator. {"firewall_key":"api","authenticator":"Lexik\\Bundle\\JWTAuthenticationBundle\\Security\\Guard\\JWTTokenAuthenticator"} []
[2020-05-27 16:10:49] security.DEBUG: Calling getCredentials() on guard authenticator. {"firewall_key":"api","authenticator":"Lexik\\Bundle\\JWTAuthenticationBundle\\Security\\Guard\\JWTTokenAuthenticator"} []
[2020-05-27 16:10:49] security.DEBUG: Passing guard token information to the GuardAuthenticationProvider {"firewall_key":"api","authenticator":"Lexik\\Bundle\\JWTAuthenticationBundle\\Security\\Guard\\JWTTokenAuthenticator"} []
[2020-05-27 16:10:49] security.INFO: Guard authentication successful! {"token":"[object] (Lexik\\Bundle\\JWTAuthenticationBundle\\Security\\Authentication\\Token\\JWTUserToken: JWTUserToken(user=\"artisan1@msn.com\", authenticated=true, roles=\"ROLE_ARTISAN, ROLE_UNDEFINED\"))","authenticator":"Lexik\\Bundle\\JWTAuthenticationBundle\\Security\\Guard\\JWTTokenAuthenticator"} []
[2020-05-27 16:10:49] security.DEBUG: Guard authenticator set no success response: request continues. {"authenticator":"Lexik\\Bundle\\JWTAuthenticationBundle\\Security\\Guard\\JWTTokenAuthenticator"} []
[2020-05-27 16:10:49] security.DEBUG: Remember me skipped: it is not configured for the firewall. {"authenticator":"Lexik\\Bundle\\JWTAuthenticationBundle\\Security\\Guard\\JWTTokenAuthenticator"} []
[2020-05-27 16:10:49] php.CRITICAL: Return value of App\Services\FileTablePictures::createTableNewPictures() must be of the type array, string returned {"exception":"[object] (Symfony\\Component\\Debug\\Exception\\FatalThrowableError(code: 0): Return value of App\\Services\\FileTablePictures::createTableNewPictures() must be of the type array, string returned at /home/zartayby/back.zartisan.yj.fr/src/Services/FileTablePictures.php:145)"} []
[2020-05-27 16:10:49] request.CRITICAL: Uncaught PHP Exception TypeError: "Return value of App\Services\FileTablePictures::createTableNewPictures() must be of the type array, string returned" at /home/zartayby/back.zartisan.yj.fr/src/Services/FileTablePictures.php line 145 {"exception":"[object] (Symfony\\Component\\Debug\\Exception\\FatalThrowableError(code: 0): Return value of App\\Services\\FileTablePictures::createTableNewPictures() must be of the type array, string returned at /home/zartayby/back.zartisan.yj.fr/src/Services/FileTablePictures.php:145)"} []
[2020-05-27 16:11:17] request.INFO: Matched route "api_artisan_edit". {"route":"api_artisan_edit","route_parameters":{"_route":"api_artisan_edit","_controller":"App\\Controller\\ApiArtisanController::edit"},"request_uri":"https://back.zartisan.yj.fr/api/v1/artisan/edit","method":"POST"} []
[2020-05-27 16:11:17] security.DEBUG: Checking for guard authentication credentials. {"firewall_key":"api","authenticators":1} []
[2020-05-27 16:11:17] security.DEBUG: Checking support on guard authenticator. {"firewall_key":"api","authenticator":"Lexik\\Bundle\\JWTAuthenticationBundle\\Security\\Guard\\JWTTokenAuthenticator"} []
[2020-05-27 16:11:17] security.DEBUG: Calling getCredentials() on guard authenticator. {"firewall_key":"api","authenticator":"Lexik\\Bundle\\JWTAuthenticationBundle\\Security\\Guard\\JWTTokenAuthenticator"} []
[2020-05-27 16:11:17] security.DEBUG: Passing guard token information to the GuardAuthenticationProvider {"firewall_key":"api","authenticator":"Lexik\\Bundle\\JWTAuthenticationBundle\\Security\\Guard\\JWTTokenAuthenticator"} []
[2020-05-27 16:11:17] security.INFO: Guard authentication successful! {"token":"[object] (Lexik\\Bundle\\JWTAuthenticationBundle\\Security\\Authentication\\Token\\JWTUserToken: JWTUserToken(user=\"artisan1@msn.com\", authenticated=true, roles=\"ROLE_ARTISAN, ROLE_UNDEFINED\"))","authenticator":"Lexik\\Bundle\\JWTAuthenticationBundle\\Security\\Guard\\JWTTokenAuthenticator"} []
[2020-05-27 16:11:17] security.DEBUG: Guard authenticator set no success response: request continues. {"authenticator":"Lexik\\Bundle\\JWTAuthenticationBundle\\Security\\Guard\\JWTTokenAuthenticator"} []
[2020-05-27 16:11:17] security.DEBUG: Remember me skipped: it is not configured for the firewall. {"authenticator":"Lexik\\Bundle\\JWTAuthenticationBundle\\Security\\Guard\\JWTTokenAuthenticator"} []
[2020-05-27 16:11:17] php.CRITICAL: Return value of App\Services\FileTablePictures::createTableNewPictures() must be of the type array, string returned {"exception":"[object] (Symfony\\Component\\Debug\\Exception\\FatalThrowableError(code: 0): Return value of App\\Services\\FileTablePictures::createTableNewPictures() must be of the type array, string returned at /home/zartayby/back.zartisan.yj.fr/src/Services/FileTablePictures.php:145)"} []
[2020-05-27 16:11:17] request.CRITICAL: Uncaught PHP Exception TypeError: "Return value of App\Services\FileTablePictures::createTableNewPictures() must be of the type array, string returned" at /home/zartayby/back.zartisan.yj.fr/src/Services/FileTablePictures.php line 145 {"exception":"[object] (Symfony\\Component\\Debug\\Exception\\FatalThrowableError(code: 0): Return value of App\\Services\\FileTablePictures::createTableNewPictures() must be of the type array, string returned at /home/zartayby/back.zartisan.yj.fr/src/Services/FileTablePictures.php:145)"} []
[2020-05-27 16:15:12] request.INFO: Matched route "api_artisan_edit". {"route":"api_artisan_edit","route_parameters":{"_route":"api_artisan_edit","_controller":"App\\Controller\\ApiArtisanController::edit"},"request_uri":"https://back.zartisan.yj.fr/api/v1/artisan/edit","method":"POST"} []
[2020-05-27 16:15:12] security.DEBUG: Checking for guard authentication credentials. {"firewall_key":"api","authenticators":1} []
[2020-05-27 16:15:12] security.DEBUG: Checking support on guard authenticator. {"firewall_key":"api","authenticator":"Lexik\\Bundle\\JWTAuthenticationBundle\\Security\\Guard\\JWTTokenAuthenticator"} []
[2020-05-27 16:15:12] security.DEBUG: Calling getCredentials() on guard authenticator. {"firewall_key":"api","authenticator":"Lexik\\Bundle\\JWTAuthenticationBundle\\Security\\Guard\\JWTTokenAuthenticator"} []
[2020-05-27 16:15:12] security.DEBUG: Passing guard token information to the GuardAuthenticationProvider {"firewall_key":"api","authenticator":"Lexik\\Bundle\\JWTAuthenticationBundle\\Security\\Guard\\JWTTokenAuthenticator"} []
[2020-05-27 16:15:12] security.INFO: Guard authentication successful! {"token":"[object] (Lexik\\Bundle\\JWTAuthenticationBundle\\Security\\Authentication\\Token\\JWTUserToken: JWTUserToken(user=\"artisan1@msn.com\", authenticated=true, roles=\"ROLE_ARTISAN, ROLE_UNDEFINED\"))","authenticator":"Lexik\\Bundle\\JWTAuthenticationBundle\\Security\\Guard\\JWTTokenAuthenticator"} []
[2020-05-27 16:15:12] security.DEBUG: Guard authenticator set no success response: request continues. {"authenticator":"Lexik\\Bundle\\JWTAuthenticationBundle\\Security\\Guard\\JWTTokenAuthenticator"} []
[2020-05-27 16:15:12] security.DEBUG: Remember me skipped: it is not configured for the firewall. {"authenticator":"Lexik\\Bundle\\JWTAuthenticationBundle\\Security\\Guard\\JWTTokenAuthenticator"} []
[2020-05-27 16:15:12] php.CRITICAL: Return value of App\Services\FileTablePictures::createTableNewPictures() must be of the type array, string returned {"exception":"[object] (Symfony\\Component\\Debug\\Exception\\FatalThrowableError(code: 0): Return value of App\\Services\\FileTablePictures::createTableNewPictures() must be of the type array, string returned at /home/zartayby/back.zartisan.yj.fr/src/Services/FileTablePictures.php:145)"} []
[2020-05-27 16:15:12] request.CRITICAL: Uncaught PHP Exception TypeError: "Return value of App\Services\FileTablePictures::createTableNewPictures() must be of the type array, string returned" at /home/zartayby/back.zartisan.yj.fr/src/Services/FileTablePictures.php line 145 {"exception":"[object] (Symfony\\Component\\Debug\\Exception\\FatalThrowableError(code: 0): Return value of App\\Services\\FileTablePictures::createTableNewPictures() must be of the type array, string returned at /home/zartayby/back.zartisan.yj.fr/src/Services/FileTablePictures.php:145)"} []
[2020-05-27 16:41:37] request.INFO: Matched route "app_register_artisan". {"route":"app_register_artisan","route_parameters":{"_route":"app_register_artisan","_controller":"App\\Controller\\SecurityController::registerArtisan"},"request_uri":"https://back.zartisan.yj.fr/register/artisan","method":"POST"} []
[2020-05-27 16:41:38] security.DEBUG: Checking for guard authentication credentials. {"firewall_key":"main","authenticators":1} []
[2020-05-27 16:41:38] security.DEBUG: Checking support on guard authenticator. {"firewall_key":"main","authenticator":"App\\Security\\LoginFormAuthenticator"} []
[2020-05-27 16:41:38] security.DEBUG: Guard authenticator does not support the request. {"firewall_key":"main","authenticator":"App\\Security\\LoginFormAuthenticator"} []
[2020-05-27 16:41:38] security.INFO: Populated the TokenStorage with an anonymous Token. [] []
[2020-05-27 16:41:41] app.ERROR: Exception occurred while flushing email queue: Failed to authenticate on SMTP server with username "username" using 1 possible authenticators. Authenticator LOGIN returned Expected response code 250 but got an empty response. [] []
[2020-05-27 16:43:52] request.INFO: Matched route "api_artisan_edit". {"route":"api_artisan_edit","route_parameters":{"_route":"api_artisan_edit","_controller":"App\\Controller\\ApiArtisanController::edit"},"request_uri":"https://back.zartisan.yj.fr/api/v1/artisan/edit","method":"POST"} []
[2020-05-27 16:43:52] security.DEBUG: Checking for guard authentication credentials. {"firewall_key":"api","authenticators":1} []
[2020-05-27 16:43:52] security.DEBUG: Checking support on guard authenticator. {"firewall_key":"api","authenticator":"Lexik\\Bundle\\JWTAuthenticationBundle\\Security\\Guard\\JWTTokenAuthenticator"} []
[2020-05-27 16:43:52] security.DEBUG: Calling getCredentials() on guard authenticator. {"firewall_key":"api","authenticator":"Lexik\\Bundle\\JWTAuthenticationBundle\\Security\\Guard\\JWTTokenAuthenticator"} []
[2020-05-27 16:43:52] security.DEBUG: Passing guard token information to the GuardAuthenticationProvider {"firewall_key":"api","authenticator":"Lexik\\Bundle\\JWTAuthenticationBundle\\Security\\Guard\\JWTTokenAuthenticator"} []
[2020-05-27 16:43:52] security.INFO: Guard authentication successful! {"token":"[object] (Lexik\\Bundle\\JWTAuthenticationBundle\\Security\\Authentication\\Token\\JWTUserToken: JWTUserToken(user=\"artisan4@msn.com\", authenticated=true, roles=\"ROLE_ARTISAN, ROLE_UNDEFINED\"))","authenticator":"Lexik\\Bundle\\JWTAuthenticationBundle\\Security\\Guard\\JWTTokenAuthenticator"} []
[2020-05-27 16:43:52] security.DEBUG: Guard authenticator set no success response: request continues. {"authenticator":"Lexik\\Bundle\\JWTAuthenticationBundle\\Security\\Guard\\JWTTokenAuthenticator"} []
[2020-05-27 16:43:52] security.DEBUG: Remember me skipped: it is not configured for the firewall. {"authenticator":"Lexik\\Bundle\\JWTAuthenticationBundle\\Security\\Guard\\JWTTokenAuthenticator"} []
[2020-05-27 16:43:52] php.CRITICAL: Return value of App\Services\FileTablePictures::createTableNewPictures() must be of the type array, string returned {"exception":"[object] (Symfony\\Component\\Debug\\Exception\\FatalThrowableError(code: 0): Return value of App\\Services\\FileTablePictures::createTableNewPictures() must be of the type array, string returned at /home/zartayby/back.zartisan.yj.fr/src/Services/FileTablePictures.php:145)"} []
[2020-05-27 16:43:52] request.CRITICAL: Uncaught PHP Exception TypeError: "Return value of App\Services\FileTablePictures::createTableNewPictures() must be of the type array, string returned" at /home/zartayby/back.zartisan.yj.fr/src/Services/FileTablePictures.php line 145 {"exception":"[object] (Symfony\\Component\\Debug\\Exception\\FatalThrowableError(code: 0): Return value of App\\Services\\FileTablePictures::createTableNewPictures() must be of the type array, string returned at /home/zartayby/back.zartisan.yj.fr/src/Services/FileTablePictures.php:145)"} []
[2020-05-27 16:44:44] request.INFO: Matched route "api_artisan_edit". {"route":"api_artisan_edit","route_parameters":{"_route":"api_artisan_edit","_controller":"App\\Controller\\ApiArtisanController::edit"},"request_uri":"https://back.zartisan.yj.fr/api/v1/artisan/edit","method":"POST"} []
[2020-05-27 16:44:44] security.DEBUG: Checking for guard authentication credentials. {"firewall_key":"api","authenticators":1} []
[2020-05-27 16:44:44] security.DEBUG: Checking support on guard authenticator. {"firewall_key":"api","authenticator":"Lexik\\Bundle\\JWTAuthenticationBundle\\Security\\Guard\\JWTTokenAuthenticator"} []
[2020-05-27 16:44:44] security.DEBUG: Calling getCredentials() on guard authenticator. {"firewall_key":"api","authenticator":"Lexik\\Bundle\\JWTAuthenticationBundle\\Security\\Guard\\JWTTokenAuthenticator"} []
[2020-05-27 16:44:44] security.DEBUG: Passing guard token information to the GuardAuthenticationProvider {"firewall_key":"api","authenticator":"Lexik\\Bundle\\JWTAuthenticationBundle\\Security\\Guard\\JWTTokenAuthenticator"} []
[2020-05-27 16:44:44] security.INFO: Guard authentication successful! {"token":"[object] (Lexik\\Bundle\\JWTAuthenticationBundle\\Security\\Authentication\\Token\\JWTUserToken: JWTUserToken(user=\"artisan4@msn.com\", authenticated=true, roles=\"ROLE_ARTISAN, ROLE_UNDEFINED\"))","authenticator":"Lexik\\Bundle\\JWTAuthenticationBundle\\Security\\Guard\\JWTTokenAuthenticator"} []
[2020-05-27 16:44:44] security.DEBUG: Guard authenticator set no success response: request continues. {"authenticator":"Lexik\\Bundle\\JWTAuthenticationBundle\\Security\\Guard\\JWTTokenAuthenticator"} []
[2020-05-27 16:44:44] security.DEBUG: Remember me skipped: it is not configured for the firewall. {"authenticator":"Lexik\\Bundle\\JWTAuthenticationBundle\\Security\\Guard\\JWTTokenAuthenticator"} []
[2020-05-27 16:44:44] php.CRITICAL: Return value of App\Services\FileTablePictures::createTableNewPictures() must be of the type array, string returned {"exception":"[object] (Symfony\\Component\\Debug\\Exception\\FatalThrowableError(code: 0): Return value of App\\Services\\FileTablePictures::createTableNewPictures() must be of the type array, string returned at /home/zartayby/back.zartisan.yj.fr/src/Services/FileTablePictures.php:145)"} []
[2020-05-27 16:44:44] request.CRITICAL: Uncaught PHP Exception TypeError: "Return value of App\Services\FileTablePictures::createTableNewPictures() must be of the type array, string returned" at /home/zartayby/back.zartisan.yj.fr/src/Services/FileTablePictures.php line 145 {"exception":"[object] (Symfony\\Component\\Debug\\Exception\\FatalThrowableError(code: 0): Return value of App\\Services\\FileTablePictures::createTableNewPictures() must be of the type array, string returned at /home/zartayby/back.zartisan.yj.fr/src/Services/FileTablePictures.php:145)"} []
[2020-05-27 16:45:05] request.INFO: Matched route "api_artisan_edit". {"route":"api_artisan_edit","route_parameters":{"_route":"api_artisan_edit","_controller":"App\\Controller\\ApiArtisanController::edit"},"request_uri":"https://back.zartisan.yj.fr/api/v1/artisan/edit","method":"POST"} []
[2020-05-27 16:45:05] security.DEBUG: Checking for guard authentication credentials. {"firewall_key":"api","authenticators":1} []
[2020-05-27 16:45:05] security.DEBUG: Checking support on guard authenticator. {"firewall_key":"api","authenticator":"Lexik\\Bundle\\JWTAuthenticationBundle\\Security\\Guard\\JWTTokenAuthenticator"} []
[2020-05-27 16:45:05] security.DEBUG: Calling getCredentials() on guard authenticator. {"firewall_key":"api","authenticator":"Lexik\\Bundle\\JWTAuthenticationBundle\\Security\\Guard\\JWTTokenAuthenticator"} []
[2020-05-27 16:45:05] security.DEBUG: Passing guard token information to the GuardAuthenticationProvider {"firewall_key":"api","authenticator":"Lexik\\Bundle\\JWTAuthenticationBundle\\Security\\Guard\\JWTTokenAuthenticator"} []
[2020-05-27 16:45:05] security.INFO: Guard authentication successful! {"token":"[object] (Lexik\\Bundle\\JWTAuthenticationBundle\\Security\\Authentication\\Token\\JWTUserToken: JWTUserToken(user=\"artisan4@msn.com\", authenticated=true, roles=\"ROLE_ARTISAN, ROLE_UNDEFINED\"))","authenticator":"Lexik\\Bundle\\JWTAuthenticationBundle\\Security\\Guard\\JWTTokenAuthenticator"} []
[2020-05-27 16:45:05] security.DEBUG: Guard authenticator set no success response: request continues. {"authenticator":"Lexik\\Bundle\\JWTAuthenticationBundle\\Security\\Guard\\JWTTokenAuthenticator"} []
[2020-05-27 16:45:05] security.DEBUG: Remember me skipped: it is not configured for the firewall. {"authenticator":"Lexik\\Bundle\\JWTAuthenticationBundle\\Security\\Guard\\JWTTokenAuthenticator"} []
[2020-05-27 16:45:05] php.CRITICAL: Return value of App\Services\FileTablePictures::createTableNewPictures() must be of the type array, string returned {"exception":"[object] (Symfony\\Component\\Debug\\Exception\\FatalThrowableError(code: 0): Return value of App\\Services\\FileTablePictures::createTableNewPictures() must be of the type array, string returned at /home/zartayby/back.zartisan.yj.fr/src/Services/FileTablePictures.php:145)"} []
[2020-05-27 16:45:05] request.CRITICAL: Uncaught PHP Exception TypeError: "Return value of App\Services\FileTablePictures::createTableNewPictures() must be of the type array, string returned" at /home/zartayby/back.zartisan.yj.fr/src/Services/FileTablePictures.php line 145 {"exception":"[object] (Symfony\\Component\\Debug\\Exception\\FatalThrowableError(code: 0): Return value of App\\Services\\FileTablePictures::createTableNewPictures() must be of the type array, string returned at /home/zartayby/back.zartisan.yj.fr/src/Services/FileTablePictures.php:145)"} []
[2020-05-27 16:55:06] request.INFO: Matched route "api_artisan_edit". {"route":"api_artisan_edit","route_parameters":{"_route":"api_artisan_edit","_controller":"App\\Controller\\ApiArtisanController::edit"},"request_uri":"https://back.zartisan.yj.fr/api/v1/artisan/edit","method":"POST"} []
[2020-05-27 16:55:06] security.DEBUG: Checking for guard authentication credentials. {"firewall_key":"api","authenticators":1} []
[2020-05-27 16:55:06] security.DEBUG: Checking support on guard authenticator. {"firewall_key":"api","authenticator":"Lexik\\Bundle\\JWTAuthenticationBundle\\Security\\Guard\\JWTTokenAuthenticator"} []
[2020-05-27 16:55:06] security.DEBUG: Calling getCredentials() on guard authenticator. {"firewall_key":"api","authenticator":"Lexik\\Bundle\\JWTAuthenticationBundle\\Security\\Guard\\JWTTokenAuthenticator"} []
[2020-05-27 16:55:06] security.DEBUG: Passing guard token information to the GuardAuthenticationProvider {"firewall_key":"api","authenticator":"Lexik\\Bundle\\JWTAuthenticationBundle\\Security\\Guard\\JWTTokenAuthenticator"} []
[2020-05-27 16:55:07] security.INFO: Guard authentication successful! {"token":"[object] (Lexik\\Bundle\\JWTAuthenticationBundle\\Security\\Authentication\\Token\\JWTUserToken: JWTUserToken(user=\"artisan4@msn.com\", authenticated=true, roles=\"ROLE_ARTISAN, ROLE_UNDEFINED\"))","authenticator":"Lexik\\Bundle\\JWTAuthenticationBundle\\Security\\Guard\\JWTTokenAuthenticator"} []
[2020-05-27 16:55:07] security.DEBUG: Guard authenticator set no success response: request continues. {"authenticator":"Lexik\\Bundle\\JWTAuthenticationBundle\\Security\\Guard\\JWTTokenAuthenticator"} []
[2020-05-27 16:55:07] security.DEBUG: Remember me skipped: it is not configured for the firewall. {"authenticator":"Lexik\\Bundle\\JWTAuthenticationBundle\\Security\\Guard\\JWTTokenAuthenticator"} []
[2020-05-27 16:55:07] php.CRITICAL: Return value of App\Services\FileTablePictures::createTableNewPictures() must be of the type array, string returned {"exception":"[object] (Symfony\\Component\\Debug\\Exception\\FatalThrowableError(code: 0): Return value of App\\Services\\FileTablePictures::createTableNewPictures() must be of the type array, string returned at /home/zartayby/back.zartisan.yj.fr/src/Services/FileTablePictures.php:145)"} []
[2020-05-27 16:55:07] request.CRITICAL: Uncaught PHP Exception TypeError: "Return value of App\Services\FileTablePictures::createTableNewPictures() must be of the type array, string returned" at /home/zartayby/back.zartisan.yj.fr/src/Services/FileTablePictures.php line 145 {"exception":"[object] (Symfony\\Component\\Debug\\Exception\\FatalThrowableError(code: 0): Return value of App\\Services\\FileTablePictures::createTableNewPictures() must be of the type array, string returned at /home/zartayby/back.zartisan.yj.fr/src/Services/FileTablePictures.php:145)"} []
[2020-05-27 16:59:05] request.INFO: Matched route "api_artisan_edit". {"route":"api_artisan_edit","route_parameters":{"_route":"api_artisan_edit","_controller":"App\\Controller\\ApiArtisanController::edit"},"request_uri":"https://back.zartisan.yj.fr/api/v1/artisan/edit","method":"POST"} []
[2020-05-27 16:59:05] security.DEBUG: Checking for guard authentication credentials. {"firewall_key":"api","authenticators":1} []
[2020-05-27 16:59:05] security.DEBUG: Checking support on guard authenticator. {"firewall_key":"api","authenticator":"Lexik\\Bundle\\JWTAuthenticationBundle\\Security\\Guard\\JWTTokenAuthenticator"} []
[2020-05-27 16:59:05] security.DEBUG: Calling getCredentials() on guard authenticator. {"firewall_key":"api","authenticator":"Lexik\\Bundle\\JWTAuthenticationBundle\\Security\\Guard\\JWTTokenAuthenticator"} []
[2020-05-27 16:59:05] security.DEBUG: Passing guard token information to the GuardAuthenticationProvider {"firewall_key":"api","authenticator":"Lexik\\Bundle\\JWTAuthenticationBundle\\Security\\Guard\\JWTTokenAuthenticator"} []
[2020-05-27 16:59:05] security.INFO: Guard authentication successful! {"token":"[object] (Lexik\\Bundle\\JWTAuthenticationBundle\\Security\\Authentication\\Token\\JWTUserToken: JWTUserToken(user=\"artisan4@msn.com\", authenticated=true, roles=\"ROLE_ARTISAN, ROLE_UNDEFINED\"))","authenticator":"Lexik\\Bundle\\JWTAuthenticationBundle\\Security\\Guard\\JWTTokenAuthenticator"} []
[2020-05-27 16:59:05] security.DEBUG: Guard authenticator set no success response: request continues. {"authenticator":"Lexik\\Bundle\\JWTAuthenticationBundle\\Security\\Guard\\JWTTokenAuthenticator"} []
[2020-05-27 16:59:05] security.DEBUG: Remember me skipped: it is not configured for the firewall. {"authenticator":"Lexik\\Bundle\\JWTAuthenticationBundle\\Security\\Guard\\JWTTokenAuthenticator"} []
[2020-05-27 16:59:05] php.CRITICAL: Return value of App\Services\FileTablePictures::createTableNewPictures() must be of the type array, string returned {"exception":"[object] (Symfony\\Component\\Debug\\Exception\\FatalThrowableError(code: 0): Return value of App\\Services\\FileTablePictures::createTableNewPictures() must be of the type array, string returned at /home/zartayby/back.zartisan.yj.fr/src/Services/FileTablePictures.php:145)"} []
[2020-05-27 16:59:05] request.CRITICAL: Uncaught PHP Exception TypeError: "Return value of App\Services\FileTablePictures::createTableNewPictures() must be of the type array, string returned" at /home/zartayby/back.zartisan.yj.fr/src/Services/FileTablePictures.php line 145 {"exception":"[object] (Symfony\\Component\\Debug\\Exception\\FatalThrowableError(code: 0): Return value of App\\Services\\FileTablePictures::createTableNewPictures() must be of the type array, string returned at /home/zartayby/back.zartisan.yj.fr/src/Services/FileTablePictures.php:145)"} []
[2020-05-27 17:45:41] request.INFO: Matched route "app_register_user". {"route":"app_register_user","route_parameters":{"_route":"app_register_user","_controller":"App\\Controller\\SecurityController::registerUser"},"request_uri":"https://back.zartisan.yj.fr/register/user","method":"POST"} []
[2020-05-27 17:45:41] security.DEBUG: Checking for guard authentication credentials. {"firewall_key":"main","authenticators":1} []
[2020-05-27 17:45:41] security.DEBUG: Checking support on guard authenticator. {"firewall_key":"main","authenticator":"App\\Security\\LoginFormAuthenticator"} []
[2020-05-27 17:45:41] security.DEBUG: Guard authenticator does not support the request. {"firewall_key":"main","authenticator":"App\\Security\\LoginFormAuthenticator"} []
[2020-05-27 17:45:41] security.INFO: Populated the TokenStorage with an anonymous Token. [] []
[2020-05-27 17:45:42] app.ERROR: Exception occurred while flushing email queue: Connection could not be established with host localhost :stream_socket_client(): Peer certificate CN=`world-366.fr.planethoster.net' did not match expected CN=`localhost' [] []
[2020-05-27 17:49:49] request.INFO: Matched route "app_register_user". {"route":"app_register_user","route_parameters":{"_route":"app_register_user","_controller":"App\\Controller\\SecurityController::registerUser"},"request_uri":"https://back.zartisan.yj.fr/register/user","method":"POST"} []
[2020-05-27 17:49:50] security.DEBUG: Checking for guard authentication credentials. {"firewall_key":"main","authenticators":1} []
[2020-05-27 17:49:50] security.DEBUG: Checking support on guard authenticator. {"firewall_key":"main","authenticator":"App\\Security\\LoginFormAuthenticator"} []
[2020-05-27 17:49:50] security.DEBUG: Guard authenticator does not support the request. {"firewall_key":"main","authenticator":"App\\Security\\LoginFormAuthenticator"} []
[2020-05-27 17:49:50] security.INFO: Populated the TokenStorage with an anonymous Token. [] []
[2020-05-27 17:49:51] app.ERROR: Exception occurred while flushing email queue: Connection could not be established with host localhost :stream_socket_client(): Peer certificate CN=`world-366.fr.planethoster.net' did not match expected CN=`localhost' [] []
[2020-05-27 18:00:40] request.INFO: Matched route "app_register_user". {"route":"app_register_user","route_parameters":{"_route":"app_register_user","_controller":"App\\Controller\\SecurityController::registerUser"},"request_uri":"https://back.zartisan.yj.fr/register/user","method":"POST"} []
[2020-05-27 18:00:40] security.DEBUG: Checking for guard authentication credentials. {"firewall_key":"main","authenticators":1} []
[2020-05-27 18:00:40] security.DEBUG: Checking support on guard authenticator. {"firewall_key":"main","authenticator":"App\\Security\\LoginFormAuthenticator"} []
[2020-05-27 18:00:40] security.DEBUG: Guard authenticator does not support the request. {"firewall_key":"main","authenticator":"App\\Security\\LoginFormAuthenticator"} []
[2020-05-27 18:00:40] security.INFO: Populated the TokenStorage with an anonymous Token. [] []
[2020-05-27 18:01:11] app.ERROR: Exception occurred while flushing email queue: Connection to localhost:465 Timed Out [] []
[2020-05-27 18:01:49] request.INFO: Matched route "app_register_user". {"route":"app_register_user","route_parameters":{"_route":"app_register_user","_controller":"App\\Controller\\SecurityController::registerUser"},"request_uri":"https://back.zartisan.yj.fr/register/user","method":"POST"} []
[2020-05-27 18:01:49] security.DEBUG: Checking for guard authentication credentials. {"firewall_key":"main","authenticators":1} []
[2020-05-27 18:01:49] security.DEBUG: Checking support on guard authenticator. {"firewall_key":"main","authenticator":"App\\Security\\LoginFormAuthenticator"} []
[2020-05-27 18:01:49] security.DEBUG: Guard authenticator does not support the request. {"firewall_key":"main","authenticator":"App\\Security\\LoginFormAuthenticator"} []
[2020-05-27 18:01:49] security.INFO: Populated the TokenStorage with an anonymous Token. [] []
[2020-05-27 18:02:21] app.ERROR: Exception occurred while flushing email queue: Connection to localhost:465 Timed Out [] []
[2020-05-27 18:05:26] request.INFO: Matched route "app_register_user". {"route":"app_register_user","route_parameters":{"_route":"app_register_user","_controller":"App\\Controller\\SecurityController::registerUser"},"request_uri":"https://back.zartisan.yj.fr/register/user","method":"POST"} []
[2020-05-27 18:05:26] security.DEBUG: Checking for guard authentication credentials. {"firewall_key":"main","authenticators":1} []
[2020-05-27 18:05:26] security.DEBUG: Checking support on guard authenticator. {"firewall_key":"main","authenticator":"App\\Security\\LoginFormAuthenticator"} []
[2020-05-27 18:05:26] security.DEBUG: Guard authenticator does not support the request. {"firewall_key":"main","authenticator":"App\\Security\\LoginFormAuthenticator"} []
[2020-05-27 18:05:26] security.INFO: Populated the TokenStorage with an anonymous Token. [] []
[2020-05-27 18:05:27] app.ERROR: Exception occurred while flushing email queue: Connection could not be established with host localhost :stream_socket_client(): Peer certificate CN=`world-366.fr.planethoster.net' did not match expected CN=`localhost' [] []
[2020-05-27 18:06:24] request.INFO: Matched route "app_register_user". {"route":"app_register_user","route_parameters":{"_route":"app_register_user","_controller":"App\\Controller\\SecurityController::registerUser"},"request_uri":"https://back.zartisan.yj.fr/register/user","method":"POST"} []
[2020-05-27 18:06:24] security.DEBUG: Checking for guard authentication credentials. {"firewall_key":"main","authenticators":1} []
[2020-05-27 18:06:24] security.DEBUG: Checking support on guard authenticator. {"firewall_key":"main","authenticator":"App\\Security\\LoginFormAuthenticator"} []
[2020-05-27 18:06:24] security.DEBUG: Guard authenticator does not support the request. {"firewall_key":"main","authenticator":"App\\Security\\LoginFormAuthenticator"} []
[2020-05-27 18:06:24] security.INFO: Populated the TokenStorage with an anonymous Token. [] []
[2020-05-27 18:06:25] app.ERROR: Exception occurred while flushing email queue: Connection could not be established with host localhost :stream_socket_client(): Peer certificate CN=`world-366.fr.planethoster.net' did not match expected CN=`localhost' [] []
[2020-05-27 18:08:41] request.INFO: Matched route "app_register_user". {"route":"app_register_user","route_parameters":{"_route":"app_register_user","_controller":"App\\Controller\\SecurityController::registerUser"},"request_uri":"https://back.zartisan.yj.fr/register/user","method":"POST"} []
[2020-05-27 18:08:41] security.DEBUG: Checking for guard authentication credentials. {"firewall_key":"main","authenticators":1} []
[2020-05-27 18:08:41] security.DEBUG: Checking support on guard authenticator. {"firewall_key":"main","authenticator":"App\\Security\\LoginFormAuthenticator"} []
[2020-05-27 18:08:41] security.DEBUG: Guard authenticator does not support the request. {"firewall_key":"main","authenticator":"App\\Security\\LoginFormAuthenticator"} []
[2020-05-27 18:08:41] security.INFO: Populated the TokenStorage with an anonymous Token. [] []
[2020-05-27 18:08:42] app.ERROR: Exception occurred while flushing email queue: Connection could not be established with host localhost :stream_socket_client(): Peer certificate CN=`world-366.fr.planethoster.net' did not match expected CN=`localhost' [] []
[2020-05-27 18:09:29] request.INFO: Matched route "app_register_user". {"route":"app_register_user","route_parameters":{"_route":"app_register_user","_controller":"App\\Controller\\SecurityController::registerUser"},"request_uri":"https://back.zartisan.yj.fr/register/user","method":"POST"} []
[2020-05-27 18:09:29] security.DEBUG: Checking for guard authentication credentials. {"firewall_key":"main","authenticators":1} []
[2020-05-27 18:09:29] security.DEBUG: Checking support on guard authenticator. {"firewall_key":"main","authenticator":"App\\Security\\LoginFormAuthenticator"} []
[2020-05-27 18:09:29] security.DEBUG: Guard authenticator does not support the request. {"firewall_key":"main","authenticator":"App\\Security\\LoginFormAuthenticator"} []
[2020-05-27 18:09:29] security.INFO: Populated the TokenStorage with an anonymous Token. [] []
[2020-05-27 18:09:30] app.ERROR: Exception occurred while flushing email queue: Connection could not be established with host localhost :stream_socket_client(): Peer certificate CN=`world-366.fr.planethoster.net' did not match expected CN=`localhost' [] []
[2020-05-27 18:12:15] request.INFO: Matched route "app_register_user". {"route":"app_register_user","route_parameters":{"_route":"app_register_user","_controller":"App\\Controller\\SecurityController::registerUser"},"request_uri":"https://back.zartisan.yj.fr/register/user","method":"POST"} []
[2020-05-27 18:12:16] security.DEBUG: Checking for guard authentication credentials. {"firewall_key":"main","authenticators":1} []
[2020-05-27 18:12:16] security.DEBUG: Checking support on guard authenticator. {"firewall_key":"main","authenticator":"App\\Security\\LoginFormAuthenticator"} []
[2020-05-27 18:12:16] security.DEBUG: Guard authenticator does not support the request. {"firewall_key":"main","authenticator":"App\\Security\\LoginFormAuthenticator"} []
[2020-05-27 18:12:16] security.INFO: Populated the TokenStorage with an anonymous Token. [] []
[2020-05-27 18:12:17] app.ERROR: Exception occurred while flushing email queue: Connection could not be established with host localhost :stream_socket_client(): Peer certificate CN=`world-366.fr.planethoster.net' did not match expected CN=`localhost' [] []
[2020-05-27 18:14:31] request.INFO: Matched route "app_register_user". {"route":"app_register_user","route_parameters":{"_route":"app_register_user","_controller":"App\\Controller\\SecurityController::registerUser"},"request_uri":"https://back.zartisan.yj.fr/register/user","method":"POST"} []
[2020-05-27 18:14:32] security.DEBUG: Checking for guard authentication credentials. {"firewall_key":"main","authenticators":1} []
[2020-05-27 18:14:32] security.DEBUG: Checking support on guard authenticator. {"firewall_key":"main","authenticator":"App\\Security\\LoginFormAuthenticator"} []
[2020-05-27 18:14:32] security.DEBUG: Guard authenticator does not support the request. {"firewall_key":"main","authenticator":"App\\Security\\LoginFormAuthenticator"} []
[2020-05-27 18:14:32] security.INFO: Populated the TokenStorage with an anonymous Token. [] []
[2020-05-27 18:14:33] app.ERROR: Exception occurred while flushing email queue: Connection could not be established with host localhost :stream_socket_client(): Peer certificate CN=`world-366.fr.planethoster.net' did not match expected CN=`localhost' [] []
[2020-05-27 18:20:14] request.INFO: Matched route "app_register_user". {"route":"app_register_user","route_parameters":{"_route":"app_register_user","_controller":"App\\Controller\\SecurityController::registerUser"},"request_uri":"https://back.zartisan.yj.fr/register/user","method":"POST"} []
[2020-05-27 18:20:14] security.DEBUG: Checking for guard authentication credentials. {"firewall_key":"main","authenticators":1} []
[2020-05-27 18:20:14] security.DEBUG: Checking support on guard authenticator. {"firewall_key":"main","authenticator":"App\\Security\\LoginFormAuthenticator"} []
[2020-05-27 18:20:14] security.DEBUG: Guard authenticator does not support the request. {"firewall_key":"main","authenticator":"App\\Security\\LoginFormAuthenticator"} []
[2020-05-27 18:20:14] security.INFO: Populated the TokenStorage with an anonymous Token. [] []
[2020-05-27 18:20:16] app.ERROR: Exception occurred while flushing email queue: Connection could not be established with host localhost :stream_socket_client(): Peer certificate CN=`world-366.fr.planethoster.net' did not match expected CN=`localhost' [] []
[2020-05-27 18:23:33] request.INFO: Matched route "app_register_user". {"route":"app_register_user","route_parameters":{"_route":"app_register_user","_controller":"App\\Controller\\SecurityController::registerUser"},"request_uri":"https://back.zartisan.yj.fr/register/user","method":"POST"} []
[2020-05-27 18:23:33] security.DEBUG: Checking for guard authentication credentials. {"firewall_key":"main","authenticators":1} []
[2020-05-27 18:23:33] security.DEBUG: Checking support on guard authenticator. {"firewall_key":"main","authenticator":"App\\Security\\LoginFormAuthenticator"} []
[2020-05-27 18:23:33] security.DEBUG: Guard authenticator does not support the request. {"firewall_key":"main","authenticator":"App\\Security\\LoginFormAuthenticator"} []
[2020-05-27 18:23:33] security.INFO: Populated the TokenStorage with an anonymous Token. [] []
[2020-05-27 18:23:34] app.ERROR: Exception occurred while flushing email queue: Connection could not be established with host localhost :stream_socket_client(): Peer certificate CN=`world-366.fr.planethoster.net' did not match expected CN=`localhost' [] []
[2020-05-27 18:37:46] request.INFO: Matched route "app_register_user". {"route":"app_register_user","route_parameters":{"_route":"app_register_user","_controller":"App\\Controller\\SecurityController::registerUser"},"request_uri":"https://back.zartisan.yj.fr/register/user","method":"POST"} []
[2020-05-27 18:37:47] security.DEBUG: Checking for guard authentication credentials. {"firewall_key":"main","authenticators":1} []
[2020-05-27 18:37:47] security.DEBUG: Checking support on guard authenticator. {"firewall_key":"main","authenticator":"App\\Security\\LoginFormAuthenticator"} []
[2020-05-27 18:37:47] security.DEBUG: Guard authenticator does not support the request. {"firewall_key":"main","authenticator":"App\\Security\\LoginFormAuthenticator"} []
[2020-05-27 18:37:47] security.INFO: Populated the TokenStorage with an anonymous Token. [] []
[2020-05-27 18:37:48] app.ERROR: Exception occurred while flushing email queue: Connection could not be established with host localhost :stream_socket_client(): Peer certificate CN=`world-366.fr.planethoster.net' did not match expected CN=`localhost' [] []
[2020-05-27 18:45:55] request.INFO: Matched route "app_register_user". {"route":"app_register_user","route_parameters":{"_route":"app_register_user","_controller":"App\\Controller\\SecurityController::registerUser"},"request_uri":"https://back.zartisan.yj.fr/register/user","method":"POST"} []
[2020-05-27 18:45:55] security.DEBUG: Checking for guard authentication credentials. {"firewall_key":"main","authenticators":1} []
[2020-05-27 18:45:55] security.DEBUG: Checking support on guard authenticator. {"firewall_key":"main","authenticator":"App\\Security\\LoginFormAuthenticator"} []
[2020-05-27 18:45:55] security.DEBUG: Guard authenticator does not support the request. {"firewall_key":"main","authenticator":"App\\Security\\LoginFormAuthenticator"} []
[2020-05-27 18:45:55] security.INFO: Populated the TokenStorage with an anonymous Token. [] []
[2020-05-27 18:45:56] app.ERROR: Exception occurred while flushing email queue: Connection could not be established with host localhost :stream_socket_client(): Peer certificate CN=`world-366.fr.planethoster.net' did not match expected CN=`localhost' [] []
[2020-05-27 18:49:01] request.INFO: Matched route "app_register_user". {"route":"app_register_user","route_parameters":{"_route":"app_register_user","_controller":"App\\Controller\\SecurityController::registerUser"},"request_uri":"https://back.zartisan.yj.fr/register/user","method":"POST"} []
[2020-05-27 18:49:01] security.DEBUG: Checking for guard authentication credentials. {"firewall_key":"main","authenticators":1} []
[2020-05-27 18:49:01] security.DEBUG: Checking support on guard authenticator. {"firewall_key":"main","authenticator":"App\\Security\\LoginFormAuthenticator"} []
[2020-05-27 18:49:01] security.DEBUG: Guard authenticator does not support the request. {"firewall_key":"main","authenticator":"App\\Security\\LoginFormAuthenticator"} []
[2020-05-27 18:49:01] security.INFO: Populated the TokenStorage with an anonymous Token. [] []
[2020-05-27 18:49:02] app.ERROR: Exception occurred while flushing email queue: Connection could not be established with host localhost :stream_socket_client(): Peer certificate CN=`world-366.fr.planethoster.net' did not match expected CN=`localhost' [] []
[2020-05-27 18:49:42] request.INFO: Matched route "app_register_user". {"route":"app_register_user","route_parameters":{"_route":"app_register_user","_controller":"App\\Controller\\SecurityController::registerUser"},"request_uri":"https://back.zartisan.yj.fr/register/user","method":"POST"} []
[2020-05-27 18:49:42] security.DEBUG: Checking for guard authentication credentials. {"firewall_key":"main","authenticators":1} []
[2020-05-27 18:49:42] security.DEBUG: Checking support on guard authenticator. {"firewall_key":"main","authenticator":"App\\Security\\LoginFormAuthenticator"} []
[2020-05-27 18:49:42] security.DEBUG: Guard authenticator does not support the request. {"firewall_key":"main","authenticator":"App\\Security\\LoginFormAuthenticator"} []
[2020-05-27 18:49:42] security.INFO: Populated the TokenStorage with an anonymous Token. [] []
[2020-05-27 18:49:43] app.ERROR: Exception occurred while flushing email queue: Connection could not be established with host localhost :stream_socket_client(): Peer certificate CN=`world-366.fr.planethoster.net' did not match expected CN=`localhost' [] []
